# JRE version: OpenJDK Runtime Environment Corretto-21.0.6.7.1 (21.0.6+7) (build 21.0.6+7-LTS)
# Java VM: OpenJDK 64-Bit Server VM Corretto-21.0.6.7.1 (21.0.6+7-LTS, mixed mode, sharing, tiered, compressed oops, compressed class ptrs, g1 gc, windows-amd64)
GC Precious Log:
 CardTable entry size: 512
 Card Set container configuration: InlinePtr #cards 5 size 8 Array Of Cards #cards 12 size 40 Howl #buckets 4 coarsen threshold 1843 Howl Bitmap #cards 512 size 80 coarsen threshold 460 Card regions per heap region 1 cards per card region 2048
 CPUs: 12 total, 12 available
 Memory: 16108M
 Large Page Support: Disabled
 NUMA Support: Disabled
 Compressed Oops: Enabled (32-bit)
 Heap Region Size: 1M
 Heap Min Capacity: 256M
 Heap Initial Capacity: 256M
 Heap Max Capacity: 512M
 Pre-touch: Disabled
 Parallel Workers: 10
 Concurrent Workers: 3
 Concurrent Refinement Workers: 10
 Periodic GC: Disabled
Heap:
 garbage-first heap   total 268288K, used 247070K [0x00000000e0000000, 0x0000000100000000)
  region size 1024K, 114 young (116736K), 6 survivors (6144K)
 Metaspace       used 129540K, committed 132352K, reserved 458752K
  class space    used 17156K, committed 18560K, reserved 327680K
GC Heap History (20 events):
Event: 5.349 GC heap before
{Heap before GC invocations=7 (full 0):
 garbage-first heap   total 262144K, used 49124K [0x00000000e0000000, 0x0000000100000000)
  region size 1024K, 12 young (12288K), 11 survivors (11264K)
 Metaspace       used 35690K, committed 36736K, reserved 393216K
  class space    used 4980K, committed 5504K, reserved 327680K
}
Event: 5.353 GC heap after
{Heap after GC invocations=8 (full 0):
 garbage-first heap   total 262144K, used 48863K [0x00000000e0000000, 0x0000000100000000)
  region size 1024K, 11 young (11264K), 11 survivors (11264K)
 Metaspace       used 35690K, committed 36736K, reserved 393216K
  class space    used 4980K, committed 5504K, reserved 327680K
}
Event: 7.808 GC heap before
{Heap before GC invocations=9 (full 0):
 garbage-first heap   total 262144K, used 204511K [0x00000000e0000000, 0x0000000100000000)
  region size 1024K, 153 young (156672K), 11 survivors (11264K)
 Metaspace       used 48227K, committed 49984K, reserved 393216K
  class space    used 6794K, committed 7680K, reserved 327680K
}
Event: 7.817 GC heap after
{Heap after GC invocations=10 (full 0):
 garbage-first heap   total 262144K, used 66546K [0x00000000e0000000, 0x0000000100000000)
  region size 1024K, 20 young (20480K), 20 survivors (20480K)
 Metaspace       used 48227K, committed 49984K, reserved 393216K
  class space    used 6794K, committed 7680K, reserved 327680K
}
Event: 8.767 GC heap before
{Heap before GC invocations=10 (full 0):
 garbage-first heap   total 262144K, used 156658K [0x00000000e0000000, 0x0000000100000000)
  region size 1024K, 109 young (111616K), 20 survivors (20480K)
 Metaspace       used 59949K, committed 61760K, reserved 393216K
  class space    used 8898K, committed 9792K, reserved 327680K
}
Event: 8.782 GC heap after
{Heap after GC invocations=11 (full 0):
 garbage-first heap   total 262144K, used 70578K [0x00000000e0000000, 0x0000000100000000)
  region size 1024K, 15 young (15360K), 15 survivors (15360K)
 Metaspace       used 59949K, committed 61760K, reserved 393216K
  class space    used 8898K, committed 9792K, reserved 327680K
}
Event: 8.802 GC heap before
{Heap before GC invocations=11 (full 0):
 garbage-first heap   total 262144K, used 72626K [0x00000000e0000000, 0x0000000100000000)
  region size 1024K, 18 young (18432K), 15 survivors (15360K)
 Metaspace       used 60271K, committed 62080K, reserved 393216K
  class space    used 8960K, committed 9856K, reserved 327680K
}
Event: 8.811 GC heap after
{Heap after GC invocations=12 (full 0):
 garbage-first heap   total 262144K, used 71784K [0x00000000e0000000, 0x0000000100000000)
  region size 1024K, 6 young (6144K), 6 survivors (6144K)
 Metaspace       used 60271K, committed 62080K, reserved 393216K
  class space    used 8960K, committed 9856K, reserved 327680K
}
Event: 9.995 GC heap before
{Heap before GC invocations=13 (full 0):
 garbage-first heap   total 262144K, used 243816K [0x00000000e0000000, 0x0000000100000000)
  region size 1024K, 153 young (156672K), 6 survivors (6144K)
 Metaspace       used 75622K, committed 77504K, reserved 458752K
  class space    used 10753K, committed 11712K, reserved 327680K
}
Event: 10.013 GC heap after
{Heap after GC invocations=14 (full 0):
 garbage-first heap   total 266240K, used 95176K [0x00000000e0000000, 0x0000000100000000)
  region size 1024K, 20 young (20480K), 20 survivors (20480K)
 Metaspace       used 75622K, committed 77504K, reserved 458752K
  class space    used 10753K, committed 11712K, reserved 327680K
}
Event: 11.087 GC heap before
{Heap before GC invocations=14 (full 0):
 garbage-first heap   total 266240K, used 233416K [0x00000000e0000000, 0x0000000100000000)
  region size 1024K, 154 young (157696K), 20 survivors (20480K)
 Metaspace       used 91767K, committed 94144K, reserved 458752K
  class space    used 12622K, committed 13824K, reserved 327680K
}
Event: 11.101 GC heap after
{Heap after GC invocations=15 (full 0):
 garbage-first heap   total 267264K, used 106864K [0x00000000e0000000, 0x0000000100000000)
  region size 1024K, 11 young (11264K), 11 survivors (11264K)
 Metaspace       used 91767K, committed 94144K, reserved 458752K
  class space    used 12622K, committed 13824K, reserved 327680K
}
Event: 12.181 GC heap before
{Heap before GC invocations=15 (full 0):
 garbage-first heap   total 267264K, used 220528K [0x00000000e0000000, 0x0000000100000000)
  region size 1024K, 123 young (125952K), 11 survivors (11264K)
 Metaspace       used 101324K, committed 103616K, reserved 458752K
  class space    used 13689K, committed 14848K, reserved 327680K
}
Event: 12.187 GC heap after
{Heap after GC invocations=16 (full 0):
 garbage-first heap   total 267264K, used 111771K [0x00000000e0000000, 0x0000000100000000)
  region size 1024K, 16 young (16384K), 16 survivors (16384K)
 Metaspace       used 101324K, committed 103616K, reserved 458752K
  class space    used 13689K, committed 14848K, reserved 327680K
}
Event: 13.620 GC heap before
{Heap before GC invocations=17 (full 0):
 garbage-first heap   total 267264K, used 234651K [0x00000000e0000000, 0x0000000100000000)
  region size 1024K, 137 young (140288K), 16 survivors (16384K)
 Metaspace       used 115839K, committed 118272K, reserved 458752K
  class space    used 15259K, committed 16448K, reserved 327680K
}
Event: 13.629 GC heap after
{Heap after GC invocations=18 (full 0):
 garbage-first heap   total 267264K, used 115079K [0x00000000e0000000, 0x0000000100000000)
  region size 1024K, 11 young (11264K), 11 survivors (11264K)
 Metaspace       used 115839K, committed 118272K, reserved 458752K
  class space    used 15259K, committed 16448K, reserved 327680K
}
Event: 14.598 GC heap before
{Heap before GC invocations=18 (full 0):
 garbage-first heap   total 267264K, used 241031K [0x00000000e0000000, 0x0000000100000000)
  region size 1024K, 134 young (137216K), 11 survivors (11264K)
 Metaspace       used 119973K, committed 122496K, reserved 458752K
  class space    used 15851K, committed 17088K, reserved 327680K
}
Event: 14.610 GC heap after
{Heap after GC invocations=19 (full 0):
 garbage-first heap   total 268288K, used 127382K [0x00000000e0000000, 0x0000000100000000)
  region size 1024K, 17 young (17408K), 17 survivors (17408K)
 Metaspace       used 119973K, committed 122496K, reserved 458752K
  class space    used 15851K, committed 17088K, reserved 327680K
}
Event: 15.596 GC heap before
{Heap before GC invocations=19 (full 0):
 garbage-first heap   total 268288K, used 178582K [0x00000000e0000000, 0x0000000100000000)
  region size 1024K, 68 young (69632K), 17 survivors (17408K)
 Metaspace       used 123583K, committed 126272K, reserved 458752K
  class space    used 16234K, committed 17600K, reserved 327680K
}
Event: 15.606 GC heap after
{Heap after GC invocations=20 (full 0):
 garbage-first heap   total 268288K, used 127262K [0x00000000e0000000, 0x0000000100000000)
  region size 1024K, 6 young (6144K), 6 survivors (6144K)
 Metaspace       used 123583K, committed 126272K, reserved 458752K
  class space    used 16234K, committed 17600K, reserved 327680K
}

